<?xml version="1.0" encoding="utf-8"?><testsuites name="pytest tests"><testsuite name="pytest" errors="0" failures="0" skipped="0" tests="20" time="4.886" timestamp="2026-06-26T09:13:28.690679+00:00" hostname="agent-env-71977384-db4e-4c88-9677-68b88f7af9cb"><testcase classname="tests.test_deferred_features.TestFormBuilder" name="test_get_manpower_form" time="0.681" /><testcase classname="tests.test_deferred_features.TestFormBuilder" name="test_get_compliance_form" time="0.102" /><testcase classname="tests.test_deferred_features.TestFormBuilder" name="test_add_custom_field_and_persist" time="0.749" /><testcase classname="tests.test_deferred_features.TestFormBuilder" name="test_cannot_remove_system_field" time="0.229" /><testcase classname="tests.test_deferred_features.TestVendorAdminScoping" name="test_va_contractors_scoped" time="1.717" /><testcase classname="tests.test_deferred_features.TestVendorAdminScoping" name="test_va_users_scoped_initially_empty" time="0.089" /><testcase classname="tests.test_deferred_features.TestVendorAdminScoping" name="test_va_can_create_member" time="0.362" /><testcase classname="tests.test_deferred_features.TestVendorAdminScoping" name="test_va_cannot_create_admin" time="0.216" /><testcase classname="tests.test_deferred_features.TestVendorAdminScoping" name="test_va_cannot_create_vendor_admin" time="0.319" /><testcase classname="tests.test_deferred_features.TestFormBuilder" name="test_vendor_admin_cannot_edit_form" time="1.144" /><testcase classname="tests.test_deferred_features.TestVendorAdminScoping" name="test_va_cannot_access_other_contractor" time="0.093" /><testcase classname="tests.test_deferred_features.TestAuth" name="test_super_admin_login" time="0.000" /><testcase classname="tests.test_deferred_features.TestAuth" name="test_me" time="0.106" /><testcase classname="tests.test_deferred_features.TestManpowerExtraFields" name="test_create_manpower_with_extra_fields" time="0.271" /><testcase classname="tests.test_deferred_features.TestContractorCompliance" name="test_va_upload_esi_doc" time="0.101" /><testcase classname="tests.test_deferred_features.TestContractorCompliance" name="test_all_four_compliance_doctypes" time="0.808" /><testcase classname="tests.test_deferred_features.TestAdminPermissions" name="test_admin_can_update_form_config" time="0.887" /><testcase classname="tests.test_deferred_features.TestContractorCompliance" name="test_va_save_compliance_metadata" time="0.204" /><testcase classname="tests.test_deferred_features.TestContractorCompliance" name="test_va_cannot_upload_to_other_contractor" time="0.195" /><testcase classname="tests.test_deferred_features.TestContractorCompliance" name="test_invalid_doctype_rejected" time="0.106" /></testsuite></testsuites>