<?xml version="1.0" encoding="utf-8"?><testsuites name="pytest tests"><testsuite name="pytest" errors="0" failures="0" skipped="0" tests="19" time="3.819" timestamp="2026-06-26T09:44:47.865286+00:00" hostname="agent-env-71977384-db4e-4c88-9677-68b88f7af9cb"><testcase classname="tests.test_iter10_new_features.TestContractorDisableEnable" name="test_disable_contractor" time="0.803" /><testcase classname="tests.test_iter10_new_features.TestContractorDisableEnable" name="test_default_list_hides_disabled" time="0.098" /><testcase classname="tests.test_iter10_new_features.TestContractorDisableEnable" name="test_include_disabled_shows" time="0.104" /><testcase classname="tests.test_iter10_new_features.TestManpowerDisableEnable" name="test_disable_manpower" time="1.017" /><testcase classname="tests.test_iter10_new_features.TestContractorDisableEnable" name="test_enable_contractor_restores" time="0.199" /><testcase classname="tests.test_iter10_new_features.TestManpowerDisableEnable" name="test_default_list_hides_disabled" time="0.103" /><testcase classname="tests.test_iter10_new_features.TestManpowerDisableEnable" name="test_include_disabled_shows" time="0.093" /><testcase classname="tests.test_iter10_new_features.TestContractorFormConfig" name="test_get_contractor_form_seeded" time="0.099" /><testcase classname="tests.test_iter10_new_features.TestManpowerDisableEnable" name="test_stats_excludes_disabled" time="0.143" /><testcase classname="tests.test_iter10_new_features.TestContractorFormConfig" name="test_put_add_custom_field" time="0.289" /><testcase classname="tests.test_iter10_new_features.TestManpowerDisableEnable" name="test_enable_restores" time="0.193" /><testcase classname="tests.test_iter10_new_features.TestContractorFormConfig" name="test_put_cannot_remove_system_field" time="0.280" /><testcase classname="tests.test_iter10_new_features.TestFTPNoOp" name="test_ftp_test_no_config" time="0.190" /><testcase classname="tests.test_iter10_new_features.TestDisableRBAC" name="test_vendor_admin_disable_contractor_forbidden" time="0.516" /><testcase classname="tests.test_iter10_new_features.TestFTPNoOp" name="test_ftp_reconcile_no_op" time="0.139" /><testcase classname="tests.test_iter10_new_features.TestFTPNoOp" name="test_ftp_test_va_forbidden" time="0.814" /><testcase classname="tests.test_iter10_new_features.TestDisableRBAC" name="test_member_disable_contractor_forbidden" time="1.048" /><testcase classname="tests.test_iter10_new_features.TestContractorExtraFields" name="test_create_with_extra_fields_persists" time="0.188" /><testcase classname="tests.test_iter10_new_features.TestDisableRBAC" name="test_admin_can_disable" time="0.141" /></testsuite></testsuites>